<?xml version="1.0" encoding="UTF-8"?>
<testsuite name="petstore.Pet" tests="4" skipped="0" failures="0" errors="0" timestamp="2022-05-02T17:56:25" hostname="DESKTOP-BNMQ2JM" time="6.109">
  <properties/>
  <testcase name="incluirPet" classname="petstore.Pet" time="3.266"/>
  <testcase name="ConsultarPet" classname="petstore.Pet" time="0.987"/>
  <testcase name="alterarPet" classname="petstore.Pet" time="0.92"/>
  <testcase name="excluirPet" classname="petstore.Pet" time="0.931"/>
  <system-out><![CDATA[Request method:	POST
Request URI:	https://petstore.swagger.io/v2/pet
Proxy:			<none>
Request params:	<none>
Query params:	<none>
Form params:	<none>
Path params:	<none>
Headers:		Accept=*/*
				Content-Type=application/json; charset=UTF-8
Cookies:		<none>
Multiparts:		<none>
Body:
{
    "id": 1977022313,
    "category": {
        "id": 1,
        "name": "13jr35azx"
    },
    "name": "salana",
    "photoUrls": [
        "string"
    ],
    "tags": [
        {
            "id": 20220502,
            "name": "TestApi"
        }
    ],
    "status": "available"
}
HTTP/1.1 200 OK
Date: Mon, 02 May 2022 17:56:28 GMT
Content-Type: application/json
Transfer-Encoding: chunked
Connection: keep-alive
Access-Control-Allow-Origin: *
Access-Control-Allow-Methods: GET, POST, DELETE, PUT
Access-Control-Allow-Headers: Content-Type, api_key, Authorization
Server: Jetty(9.2.9.v20150224)

{
    "id": 1977022313,
    "category": {
        "id": 1,
        "name": "13jr35azx"
    },
    "name": "salana",
    "photoUrls": [
        "string"
    ],
    "tags": [
        {
            "id": 20220502,
            "name": "TestApi"
        }
    ],
    "status": "available"
}
Request method:	GET
Request URI:	https://petstore.swagger.io/v2/pet/1977022313
Proxy:			<none>
Request params:	<none>
Query params:	<none>
Form params:	<none>
Path params:	<none>
Headers:		Accept=*/*
				Content-Type=application/json; charset=UTF-8
Cookies:		<none>
Multiparts:		<none>
Body:			<none>
HTTP/1.1 200 OK
Date: Mon, 02 May 2022 17:56:29 GMT
Content-Type: application/json
Transfer-Encoding: chunked
Connection: keep-alive
Access-Control-Allow-Origin: *
Access-Control-Allow-Methods: GET, POST, DELETE, PUT
Access-Control-Allow-Headers: Content-Type, api_key, Authorization
Server: Jetty(9.2.9.v20150224)

{
    "id": 1977022313,
    "category": {
        "id": 1,
        "name": "13jr35azx"
    },
    "name": "salana",
    "photoUrls": [
        "string"
    ],
    "tags": [
        {
            "id": 20220502,
            "name": "TestApi"
        }
    ],
    "status": "available"
}
O token é 13jr35azx
Request method:	PUT
Request URI:	https://petstore.swagger.io/v2/pet
Proxy:			<none>
Request params:	<none>
Query params:	<none>
Form params:	<none>
Path params:	<none>
Headers:		Accept=*/*
				Content-Type=application/json; charset=UTF-8
Cookies:		<none>
Multiparts:		<none>
Body:
{
    "id": 1977022313,
    "category": {
        "id": 1,
        "name": "13jr35azx"
    },
    "name": "salana",
    "photoUrls": [
        "string"
    ],
    "tags": [
        {
            "id": 20220502,
            "name": "TestApi"
        }
    ],
    "status": "sold"
}
HTTP/1.1 200 OK
Date: Mon, 02 May 2022 17:56:30 GMT
Content-Type: application/json
Transfer-Encoding: chunked
Connection: keep-alive
Access-Control-Allow-Origin: *
Access-Control-Allow-Methods: GET, POST, DELETE, PUT
Access-Control-Allow-Headers: Content-Type, api_key, Authorization
Server: Jetty(9.2.9.v20150224)

{
    "id": 1977022313,
    "category": {
        "id": 1,
        "name": "13jr35azx"
    },
    "name": "salana",
    "photoUrls": [
        "string"
    ],
    "tags": [
        {
            "id": 20220502,
            "name": "TestApi"
        }
    ],
    "status": "sold"
}
Request method:	DELETE
Request URI:	https://petstore.swagger.io/v2/pet/1977022313
Proxy:			<none>
Request params:	<none>
Query params:	<none>
Form params:	<none>
Path params:	<none>
Headers:		Accept=*/*
				Content-Type=application/json; charset=UTF-8
Cookies:		<none>
Multiparts:		<none>
Body:			<none>
HTTP/1.1 200 OK
Date: Mon, 02 May 2022 17:56:31 GMT
Content-Type: application/json
Transfer-Encoding: chunked
Connection: keep-alive
Access-Control-Allow-Origin: *
Access-Control-Allow-Methods: GET, POST, DELETE, PUT
Access-Control-Allow-Headers: Content-Type, api_key, Authorization
Server: Jetty(9.2.9.v20150224)

{
    "code": 200,
    "type": "unknown",
    "message": "1977022313"
}
]]></system-out>
  <system-err><![CDATA[]]></system-err>
</testsuite>
